<?xml version="1.0" encoding="utf-8" standalone="no"?>
<!--This file represents the results of running a test suite-->
<test-results name="D:\Users\agross\Coding\.NET\Machine.Specifications\Build\Debug\Tests\Machine.Specifications.Tests.dll" total="31" errors="0" failures="0" not-run="0" inconclusive="0" ignored="0" skipped="0" invalid="0" date="2011-08-08" time="18:00:54">
  <environment nunit-version="2.5.10.11092" clr-version="2.0.50727.5446" os-version="Microsoft Windows NT 6.1.7601 Service Pack 1" platform="Win32NT" cwd="D:\Users\agross\Coding\.NET\Machine.Specifications" machine-name="AXL" user="agross" user-domain="AXL" />
  <culture-info current-culture="de-DE" current-uiculture="de-DE" />
  <test-suite type="Assembly" name="D:\Users\agross\Coding\.NET\Machine.Specifications\Build\Debug\Tests\Machine.Specifications.Tests.dll" executed="True" result="Success" success="True" time="0.357" asserts="0">
    <results>
      <test-suite type="Namespace" name="Machine" executed="True" result="Success" success="True" time="0.353" asserts="0">
        <results>
          <test-suite type="Namespace" name="Specifications" executed="True" result="Success" success="True" time="0.353" asserts="0">
            <results>
              <test-suite type="Namespace" name="Explorers" executed="True" result="Success" success="True" time="0.299" asserts="0">
                <results>
                  <test-suite type="TestFixture" name="AssemblyExplorer_FindAssemblyContextsIn_WithinAnAssembly" executed="True" result="Success" success="True" time="0.131" asserts="0">
                    <results>
                      <test-case name="Machine.Specifications.Explorers.AssemblyExplorer_FindAssemblyContextsIn_WithinAnAssembly.ShouldHaveOneAssemblyContext" executed="True" result="Success" success="True" time="0.127" asserts="0" />
                    </results>
                  </test-suite>
                  <test-suite type="TestFixture" name="AssemblyExplorer_FindContext_WithClass" executed="True" result="Success" success="True" time="0.104" asserts="0">
                    <results>
                      <test-case name="Machine.Specifications.Explorers.AssemblyExplorer_FindContext_WithClass.ShouldReturnAContext" executed="True" result="Success" success="True" time="0.098" asserts="0" />
                      <test-case name="Machine.Specifications.Explorers.AssemblyExplorer_FindContext_WithClass.ShouldReturnOneSpecification" executed="True" result="Success" success="True" time="0.001" asserts="0" />
                      <test-case name="Machine.Specifications.Explorers.AssemblyExplorer_FindContext_WithClass.ShouldReturnOneSpecificationNamedCorrectly" executed="True" result="Success" success="True" time="0.003" asserts="0" />
                    </results>
                  </test-suite>
                  <test-suite type="TestFixture" name="AssemblyExplorer_FindContext_WithFieldInfo" executed="True" result="Success" success="True" time="0.011" asserts="0">
                    <results>
                      <test-case name="Machine.Specifications.Explorers.AssemblyExplorer_FindContext_WithFieldInfo.ShouldReturnAContext" executed="True" result="Success" success="True" time="0.009" asserts="0" />
                      <test-case name="Machine.Specifications.Explorers.AssemblyExplorer_FindContext_WithFieldInfo.ShouldReturnCorrectName" executed="True" result="Success" success="True" time="0.001" asserts="0" />
                    </results>
                  </test-suite>
                  <test-suite type="TestFixture" name="AssemblyExplorer_FindContext_WithFirstContextOfExampleAssemblyTests" executed="True" result="Success" success="True" time="0.035" asserts="0">
                    <results>
                      <test-case name="Machine.Specifications.Explorers.AssemblyExplorer_FindContext_WithFirstContextOfExampleAssemblyTests.ShouldHaveSpecificationsWithCorrectItClauses" executed="True" result="Success" success="True" time="0.034" asserts="0" />
                      <test-case name="Machine.Specifications.Explorers.AssemblyExplorer_FindContext_WithFirstContextOfExampleAssemblyTests.ShouldHaveTwoSpecifications" executed="True" result="Success" success="True" time="0.001" asserts="0" />
                    </results>
                  </test-suite>
                  <test-suite type="TestFixture" name="AssemblyExplorer_FindContexts_WithOneOfManyNamespaces" executed="True" result="Success" success="True" time="0.007" asserts="0">
                    <results>
                      <test-case name="Machine.Specifications.Explorers.AssemblyExplorer_FindContexts_WithOneOfManyNamespaces.ShouldReturnTwoContexts" executed="True" result="Success" success="True" time="0.003" asserts="0" />
                      <test-case name="Machine.Specifications.Explorers.AssemblyExplorer_FindContexts_WithOneOfManyNamespaces.ShouldReturnTwoContextsNamedCorrectly" executed="True" result="Success" success="True" time="0.003" asserts="0" />
                    </results>
                  </test-suite>
                  <test-suite type="TestFixture" name="AssemblyExplorer_FindSpecifications_WithExampleAssemblyTests" executed="True" result="Success" success="True" time="0.005" asserts="0">
                    <results>
                      <test-case name="Machine.Specifications.Explorers.AssemblyExplorer_FindSpecifications_WithExampleAssemblyTests.ShouldReturnThreeContexts" executed="True" result="Success" success="True" time="0.003" asserts="0" />
                      <test-case name="Machine.Specifications.Explorers.AssemblyExplorer_FindSpecifications_WithExampleAssemblyTests.ShouldReturnThreeContextsNamedCorrectly" executed="True" result="Success" success="True" time="0.002" asserts="0" />
                    </results>
                  </test-suite>
                </results>
              </test-suite>
              <test-suite type="Namespace" name="Factories" executed="True" result="Success" success="True" time="0.010" asserts="0">
                <results>
                  <test-suite type="TestFixture" name="ContextFactoryTests" executed="True" result="Success" success="True" time="0.002" asserts="0">
                    <results>
                      <test-case name="Machine.Specifications.Factories.ContextFactoryTests.ShouldSetType" executed="True" result="Success" success="True" time="0.002" asserts="0" />
                    </results>
                  </test-suite>
                  <test-suite type="TestFixture" name="SpecificationFactory_CreateSpecification" executed="True" result="Success" success="True" time="0.002" asserts="0">
                    <results>
                      <test-case name="Machine.Specifications.Factories.SpecificationFactory_CreateSpecification.ShouldHaveCorrectItClause" executed="True" result="Success" success="True" time="0.001" asserts="0" />
                      <test-case name="Machine.Specifications.Factories.SpecificationFactory_CreateSpecification.ShouldHaveFieldInfo" executed="True" result="Success" success="True" time="0.001" asserts="0" />
                    </results>
                  </test-suite>
                  <test-suite type="TestFixture" name="SpecificationFactory_CreateThrowSpecification" executed="True" result="Success" success="True" time="0.002" asserts="0">
                    <results>
                      <test-case name="Machine.Specifications.Factories.SpecificationFactory_CreateThrowSpecification.ShouldHaveCorrectItClause" executed="True" result="Success" success="True" time="0.001" asserts="0" />
                    </results>
                  </test-suite>
                  <test-suite type="TestFixture" name="SpecificationFactory_CreateUndefinedSpecification" executed="True" result="Success" success="True" time="0.002" asserts="0">
                    <results>
                      <test-case name="Machine.Specifications.Factories.SpecificationFactory_CreateUndefinedSpecification.ShouldCreateUnknownSpecification" executed="True" result="Success" success="True" time="0.001" asserts="0" />
                    </results>
                  </test-suite>
                </results>
              </test-suite>
              <test-suite type="Namespace" name="Model" executed="True" result="Success" success="True" time="0.041" asserts="0">
                <results>
                  <test-suite type="TestFixture" name="ContextTests" executed="True" result="Success" success="True" time="0.014" asserts="0">
                    <results>
                      <test-case name="Machine.Specifications.Model.ContextTests.ShouldCallBeforeEach" executed="True" result="Success" success="True" time="0.011" asserts="0" />
                      <test-case name="Machine.Specifications.Model.ContextTests.ShouldCleanup" executed="True" result="Success" success="True" time="0.001" asserts="0" />
                      <test-case name="Machine.Specifications.Model.ContextTests.ShouldEstablishContext" executed="True" result="Success" success="True" time="0.000" asserts="0" />
                    </results>
                  </test-suite>
                  <test-suite type="TestFixture" name="EmptyContextTests" executed="True" result="Success" success="True" time="0.001" asserts="0">
                    <results>
                      <test-case name="Machine.Specifications.Model.EmptyContextTests.ShouldCallIt" executed="True" result="Success" success="True" time="0.001" asserts="0" />
                    </results>
                  </test-suite>
                  <test-suite type="TestFixture" name="EmptySpecificationTests" executed="True" result="Success" success="True" time="0.005" asserts="0">
                    <results>
                      <test-case name="Machine.Specifications.Model.EmptySpecificationTests.ShouldHaveFailedResult" executed="True" result="Success" success="True" time="0.001" asserts="0" />
                      <test-case name="Machine.Specifications.Model.EmptySpecificationTests.ShouldHaveNotImplementedResult" executed="True" result="Success" success="True" time="0.003" asserts="0" />
                      <test-case name="Machine.Specifications.Model.EmptySpecificationTests.ShouldNotCallWhen" executed="True" result="Success" success="True" time="0.000" asserts="0" />
                    </results>
                  </test-suite>
                  <test-suite type="TestFixture" name="ExpectingThrowButDoesntTests" executed="True" result="Success" success="True" time="0.012" asserts="0">
                    <results>
                      <test-case name="Machine.Specifications.Model.ExpectingThrowButDoesntTests.ShouldFail" executed="True" result="Success" success="True" time="0.010" asserts="0" />
                      <test-case name="Machine.Specifications.Model.ExpectingThrowButDoesntTests.ShouldHaveException" executed="True" result="Success" success="True" time="0.001" asserts="0" />
                    </results>
                  </test-suite>
                  <test-suite type="TestFixture" name="SpecificationTests" executed="True" result="Success" success="True" time="0.002" asserts="0">
                    <results>
                      <test-case name="Machine.Specifications.Model.SpecificationTests.ShouldCallBeforeEach" executed="True" result="Success" success="True" time="0.001" asserts="0" />
                      <test-case name="Machine.Specifications.Model.SpecificationTests.ShouldCleanup" executed="True" result="Success" success="True" time="0.001" asserts="0" />
                      <test-case name="Machine.Specifications.Model.SpecificationTests.ShouldEstablishContext" executed="True" result="Success" success="True" time="0.001" asserts="0" />
                    </results>
                  </test-suite>
                  <test-suite type="TestFixture" name="ThrowingWhenTests" executed="True" result="Success" success="True" time="0.004" asserts="0">
                    <results>
                      <test-case name="Machine.Specifications.Model.ThrowingWhenTests.ShouldFail" executed="True" result="Success" success="True" time="0.003" asserts="0" />
                      <test-case name="Machine.Specifications.Model.ThrowingWhenTests.ShouldNotCallIt" executed="True" result="Success" success="True" time="0.001" asserts="0" />
                    </results>
                  </test-suite>
                </results>
              </test-suite>
            </results>
          </test-suite>
        </results>
      </test-suite>
    </results>
  </test-suite>
</test-results>